  ▲ Next.js 14.2.28
  - Local:        http://localhost:3000
  - Environments: .env
  - Experiments (use with caution):
    · outputFileTracingRoot

 ✓ Starting...
 ✓ Ready in 2.3s
 ○ Compiling / ...
 ✓ Compiled / in 3.6s (1261 modules)
 GET / 200 in 4023ms
 GET / 200 in 4222ms
 ✓ Compiled in 584ms (623 modules)
 GET / 200 in 66ms
 ✓ Compiled /_not-found in 384ms (1245 modules)
 GET /grid.svg 404 in 443ms
 GET /dots.svg 404 in 16ms
 GET /circuit.svg 404 in 16ms
 GET / 200 in 64ms
 GET / 200 in 43ms
 GET /grid.svg 404 in 18ms
 GET / 200 in 41ms
 GET /grid.svg 404 in 17ms
 GET /dots.svg 404 in 17ms
 GET /circuit.svg 404 in 15ms
 ○ Compiling /quote-builder ...
 ✓ Compiled /quote-builder in 1313ms (1473 modules)
 ✓ Compiled /api/quote-events in 135ms (734 modules)
 ✓ Compiled /api/equipment in 141ms (764 modules)
 GET /api/equipment 200 in 344ms
 GET /api/equipment 200 in 24ms
 GET /api/quote-events?sessionId=session_1750782169752_t9jlcoxrj 200 in 176977ms
 GET /api/quote-events?sessionId=session_1750782169752_t9jlcoxrj 200 in 180352ms
 ✓ Compiled in 1113ms (755 modules)
[?25h
