  ▲ Next.js 14.2.28
  - Local:        http://localhost:3000
  - Environments: .env
  - Experiments (use with caution):
    · outputFileTracingRoot

 ✓ Starting...
 ✓ Ready in 1938ms
 ○ Compiling / ...
 ✓ Compiled / in 3.9s (1271 modules)
 GET / 200 in 4702ms
 ✓ Compiled in 759ms (623 modules)
 ○ Compiling /_not-found ...
 ✓ Compiled /_not-found in 730ms (1255 modules)
 GET /dots.svg 404 in 832ms
 GET /grid.svg 404 in 841ms
 GET /circuit.svg 404 in 819ms
 ○ Compiling /quote-builder ...
 ✓ Compiled /quote-builder in 2.5s (1591 modules)
 GET /contact 200 in 2832ms
 GET /quote-builder 200 in 2828ms
 GET /equipment 200 in 2834ms
 GET /admin 200 in 2827ms
 GET / 200 in 2837ms
 GET /circuit.svg 404 in 64ms
 GET /dots.svg 404 in 67ms
 GET /grid.svg 404 in 72ms
 ✓ Compiled /api/admin/stats in 234ms (849 modules)
 ✓ Compiled (853 modules)
 GET /api/categories 200 in 664ms
 GET /api/equipment?availability=true 200 in 672ms
 GET /api/admin/stats 200 in 670ms
 GET /api/categories 200 in 32ms
 GET /api/equipment?availability=true 200 in 40ms
 GET /api/admin/stats 200 in 37ms
 GET /api/equipment?availability=true 200 in 31ms
 GET /api/equipment?availability=true 200 in 19ms
 GET / 200 in 168ms
 GET /equipment 200 in 189ms
 GET /quote-builder 200 in 189ms
 GET /contact 200 in 189ms
 GET /admin 200 in 189ms
 GET / 200 in 46ms
 GET /grid.svg 404 in 36ms
 GET /circuit.svg 404 in 45ms
 GET /dots.svg 404 in 46ms
