  ▲ Next.js 14.2.28
  - Local:        http://localhost:3000
  - Environments: .env
  - Experiments (use with caution):
    · outputFileTracingRoot

 ✓ Starting...
 ✓ Ready in 1504ms
 ○ Compiling / ...
 ✓ Compiled / in 2.2s (1254 modules)
 ✓ Compiled in 543ms (623 modules)
 GET / 200 in 2767ms
 ○ Compiling /_not-found ...
 ✓ Compiled /_not-found in 564ms (1245 modules)
 GET /grid.svg 404 in 649ms
 GET /dots.svg 404 in 647ms
 GET /circuit.svg 404 in 630ms
 GET / 200 in 98ms
 ○ Compiling /admin ...
 ✓ Compiled /admin in 1864ms (1544 modules)
 GET /quote-builder 200 in 2223ms
 GET /contact 200 in 2216ms
 GET /admin 200 in 2207ms
 GET /equipment 200 in 2230ms
 ✓ Compiled in 782ms (1544 modules)
 GET /dots.svg 404 in 2681ms
 GET /grid.svg 404 in 2683ms
 GET /circuit.svg 404 in 2681ms
 ✓ Compiled /api/admin/stats in 326ms (820 modules)
 ✓ Compiled (824 modules)
 GET /api/equipment?availability=true 200 in 773ms
 GET /api/categories 200 in 774ms
 GET /api/admin/stats 200 in 742ms
 GET /api/equipment?availability=true 200 in 35ms
 GET /api/categories 200 in 35ms
 GET /api/admin/stats 200 in 48ms
 GET /api/equipment?availability=true 200 in 68ms
 GET /api/equipment?availability=true 200 in 59ms
 GET / 200 in 155ms
 GET /quote-builder 200 in 165ms
 GET /admin 200 in 167ms
 GET /contact 200 in 167ms
 GET /equipment 200 in 168ms
 GET / 200 in 56ms
 GET /grid.svg 404 in 40ms
 GET /dots.svg 404 in 42ms
 GET /circuit.svg 404 in 37ms
 GET /quote-builder 200 in 42ms
 GET /quote-builder 200 in 27ms
 ✓ Compiled in 656ms (768 modules)
 ✓ Compiled in 315ms (768 modules)
 ✓ Compiled in 576ms (1588 modules)
 ✓ Compiled in 1010ms (1527 modules)
 ✓ Compiled in 713ms (1524 modules)
 ✓ Compiled in 584ms (1524 modules)
[?25h
