➤ YN0000: · Yarn 4.9.2
➤ YN0000: ┌ Resolution step
➤ YN0000: └ Completed
➤ YN0000: ┌ Post-resolution validation
➤ YN0060: │ @typescript-eslint/parser is listed by your project with version 7.0.0 (p6cb6c), which doesn't satisfy what @typescript-eslint/eslint-plugin requests (^6.0.0-alpha).
➤ YN0060: │ eslint is listed by your project with version 9.24.0 (pe6e00), which doesn't satisfy what @typescript-eslint/eslint-plugin and other dependencies request (^8.57.0).
➤ YN0002: │ app@workspace:. doesn't provide prettier (pd88b5), requested by eslint-plugin-prettier.
➤ YN0086: │ Some peer dependencies are incorrectly met by your project; run yarn explain peer-requirements <hash> for details, where <hash> is the six-letter p-prefixed code.
➤ YN0086: │ Some peer dependencies are incorrectly met by dependencies; run yarn explain peer-requirements for details.
➤ YN0000: └ Completed
➤ YN0000: ┌ Fetch step
➤ YN0000: └ Completed in 2s 883ms
➤ YN0000: ┌ Link step
➤ YN0000: └ Completed in 0s 528ms
➤ YN0000: · Done with warnings in 3s 638ms
Environment variables loaded from .env
Prisma schema loaded from prisma/schema.prisma

✔ Generated Prisma Client (v6.7.0) to ./node_modules/.prisma/client in 110ms

Start by importing your Prisma Client (See: https://pris.ly/d/importing-client)

Tip: Want real-time updates to your database without manual polling? Discover how with Pulse: https://pris.ly/tip-0-pulse

  ▲ Next.js 14.2.28
  - Local:        http://localhost:3000
  - Environments: .env
  - Experiments (use with caution):
    · outputFileTracingRoot

 ✓ Starting...
 ✓ Ready in 1552ms
 ○ Compiling / ...
 ✓ Compiled / in 2.4s (1254 modules)
 GET / 200 in 2902ms
 ✓ Compiled in 534ms (623 modules)
 GET / 200 in 53ms
 ✓ Compiled /_not-found in 381ms (1245 modules)
 GET /grid.svg 404 in 448ms
 GET /circuit.svg 404 in 293ms
 GET /dots.svg 404 in 355ms
 ○ Compiling /quote-builder ...
 ✓ Compiled /quote-builder in 984ms (1440 modules)
 ✓ Compiled in 608ms (723 modules)
 ✓ Compiled in 712ms (746 modules)
 ✓ Compiled in 420ms (746 modules)
 ✓ Compiled in 378ms (746 modules)
 ✓ Compiled in 510ms (746 modules)
 ✓ Compiled in 344ms (746 modules)
 ✓ Compiled in 365ms (746 modules)
 ✓ Compiled in 688ms (746 modules)
 ✓ Compiled in 405ms (746 modules)
 ✓ Compiled in 336ms (746 modules)
 ✓ Compiled in 350ms (746 modules)
 ✓ Compiled in 409ms (746 modules)
 ✓ Compiled in 645ms (746 modules)
 ✓ Compiled in 352ms (746 modules)
 ✓ Compiled in 328ms (746 modules)
 ✓ Compiled in 353ms (746 modules)
 ✓ Compiled in 375ms (746 modules)
 ✓ Compiled in 429ms (746 modules)
 ✓ Compiled in 353ms (746 modules)
 ✓ Compiled in 280ms (746 modules)
 ✓ Compiled in 212ms (734 modules)
 ✓ Compiled / in 240ms (631 modules)
 ○ Compiling /_error ...
 ✓ Compiled /_error in 1061ms (1592 modules)
 GET / 500 in 1802ms
[?25h
