  ▲ Next.js 14.2.28
  - Local:        http://localhost:3000
  - Environments: .env
  - Experiments (use with caution):
    · outputFileTracingRoot

 ✓ Starting...
 ✓ Ready in 1764ms
 ○ Compiling / ...
 ✓ Compiled / in 2.4s (1254 modules)
 ✓ Compiled in 568ms (623 modules)
 GET / 200 in 2956ms
 ✓ Compiled /_not-found in 394ms (1245 modules)
 GET /grid.svg 404 in 492ms
 GET /dots.svg 404 in 490ms
 GET /circuit.svg 404 in 473ms
 GET / 200 in 194ms
 ○ Compiling /quote-builder ...
 ✓ Compiled /quote-builder in 2.4s (1573 modules)
 GET /grid.svg 404 in 2408ms
 GET /circuit.svg 404 in 2388ms
 GET /dots.svg 404 in 2404ms
 GET /contact 200 in 2880ms
 GET /equipment 200 in 2894ms
 GET /quote-builder 200 in 2879ms
 GET /admin 200 in 2898ms
 ✓ Compiled /api/admin/stats in 287ms (835 modules)
 ✓ Compiled (839 modules)
 GET /api/categories 200 in 973ms
 GET /api/equipment?availability=true 200 in 991ms
 GET /api/admin/stats 200 in 971ms
 GET /api/categories 200 in 102ms
 GET /api/equipment?availability=true 200 in 69ms
 GET /api/admin/stats 200 in 82ms
 GET /api/equipment?availability=true 200 in 34ms
 GET /api/equipment?availability=true 200 in 25ms
 GET /quote-builder 200 in 165ms
 GET /equipment 200 in 213ms
 GET /contact 200 in 213ms
 GET /admin 200 in 213ms
 GET / 200 in 213ms
 GET / 200 in 60ms
 GET /grid.svg 404 in 46ms
 GET /circuit.svg 404 in 47ms
 GET /dots.svg 404 in 48ms
 GET /quote-builder 200 in 32ms
 GET /quote-builder 200 in 46ms
 ✓ Compiled in 944ms (1621 modules)
[?25h
