  ▲ Next.js 14.2.28
  - Local:        http://localhost:3000
  - Environments: .env
  - Experiments (use with caution):
    · outputFileTracingRoot

 ✓ Starting...
Attention: Next.js now collects completely anonymous telemetry regarding usage.
This information is used to shape Next.js' roadmap and prioritize features.
You can learn more, including how to opt-out if you'd not like to participate in this anonymous program, by visiting the following URL:
https://nextjs.org/telemetry

 ✓ Ready in 1384ms
 ○ Compiling / ...
 ✓ Compiled / in 4.9s (1261 modules)
 ✓ Compiled in 723ms (623 modules)
 GET / 200 in 5723ms
 ○ Compiling /_not-found ...
 ✓ Compiled /_not-found in 4.9s (1245 modules)
 GET /dots.svg 404 in 4984ms
 GET /grid.svg 404 in 4992ms
 GET /circuit.svg 404 in 4936ms
 ○ Compiling /admin ...
 ✓ Compiled /admin in 2.4s (1544 modules)
 GET /admin 200 in 2783ms
 GET /contact 200 in 2805ms
 GET /equipment 200 in 2807ms
 GET /quote-builder 200 in 2804ms
 GET / 200 in 2793ms
 GET /dots.svg 404 in 179ms
 GET /circuit.svg 404 in 187ms
 GET /grid.svg 404 in 209ms
 ✓ Compiled /api/admin/stats in 447ms (820 modules)
 ✓ Compiled (824 modules)
 GET /api/categories 200 in 1120ms
 GET /api/equipment?availability=true 200 in 1150ms
 GET /api/admin/stats 200 in 1160ms
 GET /api/categories 200 in 39ms
 GET /api/equipment?availability=true 200 in 49ms
 GET /api/admin/stats 200 in 58ms
 GET /api/equipment?availability=true 200 in 36ms
 GET /api/equipment?availability=true 200 in 40ms
 GET /admin 200 in 116ms
 GET /equipment 200 in 149ms
 GET /quote-builder 200 in 149ms
 GET /contact 200 in 152ms
 GET / 200 in 153ms
 GET / 200 in 69ms
 GET /grid.svg 404 in 76ms
 GET /dots.svg 404 in 70ms
 GET /circuit.svg 404 in 65ms
[?25h
