 ⚠ ./components/quote-builder/steps/event-details-step.tsx
Attempted import error: 'EVENT_TYPES' is not exported from '@/lib/constants' (imported as 'EVENT_TYPES').

Import trace for requested module:
./components/quote-builder/steps/event-details-step.tsx
./components/quote-builder/quote-builder-wizard.tsx

./components/quote-builder/steps/venue-spec-step.tsx
Attempted import error: 'VENUE_TYPES' is not exported from '@/lib/constants' (imported as 'VENUE_TYPES').

Import trace for requested module:
./components/quote-builder/steps/venue-spec-step.tsx
./components/quote-builder/quote-builder-wizard.tsx
 ⚠ ./components/quote-builder/steps/event-details-step.tsx
Attempted import error: 'EVENT_TYPES' is not exported from '@/lib/constants' (imported as 'EVENT_TYPES').

Import trace for requested module:
./components/quote-builder/steps/event-details-step.tsx
./components/quote-builder/quote-builder-wizard.tsx

./components/quote-builder/steps/venue-spec-step.tsx
Attempted import error: 'VENUE_TYPES' is not exported from '@/lib/constants' (imported as 'VENUE_TYPES').

Import trace for requested module:
./components/quote-builder/steps/venue-spec-step.tsx
./components/quote-builder/quote-builder-wizard.tsx

./components/quote-builder/steps/venue-spec-step.tsx
Attempted import error: 'ROOM_TYPES' is not exported from '@/lib/constants' (imported as 'ROOM_TYPES').

Import trace for requested module:
./components/quote-builder/steps/venue-spec-step.tsx
./components/quote-builder/quote-builder-wizard.tsx
 ⚠ ./components/quote-builder/steps/event-details-step.tsx
Attempted import error: 'EVENT_TYPES' is not exported from '@/lib/constants' (imported as 'EVENT_TYPES').

Import trace for requested module:
./components/quote-builder/steps/event-details-step.tsx
./components/quote-builder/quote-builder-wizard.tsx

./components/quote-builder/steps/event-details-step.tsx
Attempted import error: 'DURATION_OPTIONS' is not exported from '@/lib/constants' (imported as 'DURATION_OPTIONS').

Import trace for requested module:
./components/quote-builder/steps/event-details-step.tsx
./components/quote-builder/quote-builder-wizard.tsx

./components/quote-builder/steps/venue-spec-step.tsx
Attempted import error: 'VENUE_TYPES' is not exported from '@/lib/constants' (imported as 'VENUE_TYPES').

Import trace for requested module:
./components/quote-builder/steps/venue-spec-step.tsx
./components/quote-builder/quote-builder-wizard.tsx

./components/quote-builder/steps/venue-spec-step.tsx
Attempted import error: 'ROOM_TYPES' is not exported from '@/lib/constants' (imported as 'ROOM_TYPES').

Import trace for requested module:
./components/quote-builder/steps/venue-spec-step.tsx
./components/quote-builder/quote-builder-wizard.tsx
 ⚠ ./components/quote-builder/steps/event-details-step.tsx
Attempted import error: 'EVENT_TYPES' is not exported from '@/lib/constants' (imported as 'EVENT_TYPES').

Import trace for requested module:
./components/quote-builder/steps/event-details-step.tsx
./components/quote-builder/quote-builder-wizard.tsx

./components/quote-builder/steps/event-details-step.tsx
Attempted import error: 'DURATION_OPTIONS' is not exported from '@/lib/constants' (imported as 'DURATION_OPTIONS').

Import trace for requested module:
./components/quote-builder/steps/event-details-step.tsx
./components/quote-builder/quote-builder-wizard.tsx

./components/quote-builder/steps/venue-spec-step.tsx
Attempted import error: 'VENUE_TYPES' is not exported from '@/lib/constants' (imported as 'VENUE_TYPES').

Import trace for requested module:
./components/quote-builder/steps/venue-spec-step.tsx
./components/quote-builder/quote-builder-wizard.tsx

./components/quote-builder/steps/venue-spec-step.tsx
Attempted import error: 'ROOM_TYPES' is not exported from '@/lib/constants' (imported as 'ROOM_TYPES').

Import trace for requested module:
./components/quote-builder/steps/venue-spec-step.tsx
./components/quote-builder/quote-builder-wizard.tsx

./components/quote-builder/steps/venue-spec-step.tsx
Attempted import error: 'ACOUSTIC_LEVELS' is not exported from '@/lib/constants' (imported as 'ACOUSTIC_LEVELS').

Import trace for requested module:
./components/quote-builder/steps/venue-spec-step.tsx
./components/quote-builder/quote-builder-wizard.tsx

./components/quote-builder/steps/venue-spec-step.tsx
Attempted import error: 'NOISE_LEVELS' is not exported from '@/lib/constants' (imported as 'NOISE_LEVELS').

Import trace for requested module:
./components/quote-builder/steps/venue-spec-step.tsx
./components/quote-builder/quote-builder-wizard.tsx
 ⚠ ./components/quote-builder/steps/event-details-step.tsx
Attempted import error: 'EVENT_TYPES' is not exported from '@/lib/constants' (imported as 'EVENT_TYPES').

Import trace for requested module:
./components/quote-builder/steps/event-details-step.tsx
./components/quote-builder/quote-builder-wizard.tsx

./components/quote-builder/steps/event-details-step.tsx
Attempted import error: 'DURATION_OPTIONS' is not exported from '@/lib/constants' (imported as 'DURATION_OPTIONS').

Import trace for requested module:
./components/quote-builder/steps/event-details-step.tsx
./components/quote-builder/quote-builder-wizard.tsx

./components/quote-builder/steps/venue-spec-step.tsx
Attempted import error: 'VENUE_TYPES' is not exported from '@/lib/constants' (imported as 'VENUE_TYPES').

Import trace for requested module:
./components/quote-builder/steps/venue-spec-step.tsx
./components/quote-builder/quote-builder-wizard.tsx

./components/quote-builder/steps/venue-spec-step.tsx
Attempted import error: 'ROOM_TYPES' is not exported from '@/lib/constants' (imported as 'ROOM_TYPES').

Import trace for requested module:
./components/quote-builder/steps/venue-spec-step.tsx
./components/quote-builder/quote-builder-wizard.tsx

./components/quote-builder/steps/venue-spec-step.tsx
Attempted import error: 'ACOUSTIC_LEVELS' is not exported from '@/lib/constants' (imported as 'ACOUSTIC_LEVELS').

Import trace for requested module:
./components/quote-builder/steps/venue-spec-step.tsx
./components/quote-builder/quote-builder-wizard.tsx

./components/quote-builder/steps/venue-spec-step.tsx
Attempted import error: 'NOISE_LEVELS' is not exported from '@/lib/constants' (imported as 'NOISE_LEVELS').

Import trace for requested module:
./components/quote-builder/steps/venue-spec-step.tsx
./components/quote-builder/quote-builder-wizard.tsx
 ⨯ ./components/quote-builder/quote-builder-wizard.tsx
Module not found: Can't resolve './steps/usage-type-step'

https://nextjs.org/docs/messages/module-not-found
 ⨯ ./components/quote-builder/quote-builder-wizard.tsx
Module not found: Can't resolve './steps/ai-consultation-step'

https://nextjs.org/docs/messages/module-not-found
 ⨯ ./components/quote-builder/quote-builder-wizard.tsx
Module not found: Can't resolve './steps/purchase-review-step'

https://nextjs.org/docs/messages/module-not-found
 ⨯ Error: Invariant: missing bootstrap script. This is a bug in Next.js
    at rR (/opt/hostedapp/node/root/app/node_modules/next/dist/compiled/next-server/app-page.runtime.dev.js:39:2277)
    at /opt/hostedapp/node/root/app/node_modules/next/dist/compiled/next-server/app-page.runtime.dev.js:39:25591
    at /opt/hostedapp/node/root/app/node_modules/next/dist/server/lib/trace/tracer.js:191:62
    at /opt/hostedapp/node/root/app/node_modules/next/dist/server/lib/trace/tracer.js:140:36
    at NoopContextManager.with (/opt/hostedapp/node/root/app/node_modules/next/dist/compiled/@opentelemetry/api/index.js:1:7062)
    at ContextAPI.with (/opt/hostedapp/node/root/app/node_modules/next/dist/compiled/@opentelemetry/api/index.js:1:518)
    at NoopTracer.startActiveSpan (/opt/hostedapp/node/root/app/node_modules/next/dist/compiled/@opentelemetry/api/index.js:1:18093)
    at ProxyTracer.startActiveSpan (/opt/hostedapp/node/root/app/node_modules/next/dist/compiled/@opentelemetry/api/index.js:1:18854)
    at /opt/hostedapp/node/root/app/node_modules/next/dist/server/lib/trace/tracer.js:122:103
    at NoopContextManager.with (/opt/hostedapp/node/root/app/node_modules/next/dist/compiled/@opentelemetry/api/index.js:1:7062)
    at ContextAPI.with (/opt/hostedapp/node/root/app/node_modules/next/dist/compiled/@opentelemetry/api/index.js:1:518)
    at NextTracerImpl.trace (/opt/hostedapp/node/root/app/node_modules/next/dist/server/lib/trace/tracer.js:122:28)
    at /opt/hostedapp/node/root/app/node_modules/next/dist/server/lib/trace/tracer.js:191:31
    at r3 (/opt/hostedapp/node/root/app/node_modules/next/dist/compiled/next-server/app-page.runtime.dev.js:41:1678)
    at async doRender (/opt/hostedapp/node/root/app/node_modules/next/dist/server/base-server.js:1427:30)
    at async cacheEntry.responseCache.get.routeKind (/opt/hostedapp/node/root/app/node_modules/next/dist/server/base-server.js:1588:28) {
  page: '/'
}
