➤ YN0000: · Yarn 4.9.2
➤ YN0000: ┌ Resolution step
➤ YN0000: └ Completed
➤ YN0000: ┌ Post-resolution validation
➤ YN0060: │ @typescript-eslint/parser is listed by your project with version 7.0.0 (p6cb6c), which doesn't satisfy what @typescript-eslint/eslint-plugin requests (^6.0.0-alpha).
➤ YN0060: │ eslint is listed by your project with version 9.24.0 (pe6e00), which doesn't satisfy what @typescript-eslint/eslint-plugin and other dependencies request (^8.57.0).
➤ YN0002: │ app@workspace:. doesn't provide prettier (pd88b5), requested by eslint-plugin-prettier.
➤ YN0086: │ Some peer dependencies are incorrectly met by your project; run yarn explain peer-requirements <hash> for details, where <hash> is the six-letter p-prefixed code.
➤ YN0086: │ Some peer dependencies are incorrectly met by dependencies; run yarn explain peer-requirements for details.
➤ YN0000: └ Completed
➤ YN0000: ┌ Fetch step
➤ YN0000: └ Completed in 1s 245ms
➤ YN0000: ┌ Link step
➤ YN0000: └ Completed in 0s 460ms
➤ YN0000: · Done with warnings in 1s 929ms
Environment variables loaded from .env
Prisma schema loaded from prisma/schema.prisma

✔ Generated Prisma Client (v6.7.0) to ./node_modules/.prisma/client in 133ms

Start by importing your Prisma Client (See: https://pris.ly/d/importing-client)

Tip: Need your database queries to be 1000x faster? Accelerate offers you that and more: https://pris.ly/tip-2-accelerate

  ▲ Next.js 14.2.28
  - Local:        http://localhost:3000
  - Environments: .env
  - Experiments (use with caution):
    · outputFileTracingRoot

 ✓ Starting...
 ✓ Ready in 1363ms
 ○ Compiling / ...
 ✓ Compiled / in 2.4s (1254 modules)
 GET / 200 in 2925ms
 ✓ Compiled in 539ms (623 modules)
 GET / 200 in 47ms
 GET / 200 in 40ms
 GET / 200 in 52ms
 ✓ Compiled /_not-found in 327ms (1245 modules)
 GET /circuit.svg 404 in 386ms
 GET /dots.svg 404 in 392ms
 GET /grid.svg 404 in 402ms
 ○ Compiling /quote-builder ...
 ✓ Compiled /quote-builder in 1333ms (1466 modules)
 GET / 200 in 123ms
 GET / 200 in 45ms
 GET / 200 in 38ms
 GET /grid.svg 404 in 19ms
 GET /dots.svg 404 in 17ms
 GET /circuit.svg 404 in 14ms
 ✓ Compiled in 569ms (732 modules)
 ✓ Compiled in 321ms (732 modules)
 ✓ Compiled in 283ms (732 modules)
 ✓ Compiled in 377ms (732 modules)
 ✓ Compiled in 510ms (732 modules)
 ✓ Compiled in 311ms (732 modules)
[?25h
