  ▲ Next.js 14.2.28
  - Local:        http://localhost:3000
  - Environments: .env
  - Experiments (use with caution):
    · outputFileTracingRoot

 ✓ Starting...
 ✓ Ready in 1573ms
 ○ Compiling / ...
 ✓ Compiled / in 2.3s (1254 modules)
 GET / 200 in 2725ms
 GET / 200 in 2893ms
 ✓ Compiled in 558ms (623 modules)
 GET / 200 in 50ms
 ✓ Compiled /_not-found in 329ms (1245 modules)
 GET /grid.svg 404 in 380ms
 GET /dots.svg 404 in 15ms
 GET /circuit.svg 404 in 16ms
 GET /grid.svg 404 in 15ms
 GET /dots.svg 404 in 16ms
 GET /circuit.svg 404 in 17ms
 GET / 200 in 64ms
 GET / 200 in 38ms
 GET / 200 in 44ms
 GET /grid.svg 404 in 16ms
 GET /dots.svg 404 in 14ms
 GET /circuit.svg 404 in 15ms
