  ▲ Next.js 14.2.28
  - Local:        http://localhost:3000
  - Environments: .env
  - Experiments (use with caution):
    · outputFileTracingRoot

 ✓ Starting...
 ✓ Ready in 1845ms
 ○ Compiling / ...
 ✓ Compiled / in 3.7s (1261 modules)
 ✓ Compiled in 586ms (623 modules)
 GET / 200 in 4314ms
 ○ Compiling /_not-found ...
 ✓ Compiled /_not-found in 546ms (1245 modules)
 GET /grid.svg 404 in 631ms
 GET /dots.svg 404 in 628ms
 GET /circuit.svg 404 in 614ms
 ○ Compiling /contact ...
 ✓ Compiled /contact in 2.5s (1581 modules)
 GET / 200 in 2804ms
 GET /admin 200 in 2787ms
 GET /quote-builder 200 in 2793ms
 GET /equipment 200 in 2797ms
 GET /contact 200 in 2791ms
 GET /circuit.svg 404 in 101ms
 GET /dots.svg 404 in 103ms
 GET /grid.svg 404 in 106ms
 ✓ Compiled /api/categories in 272ms (839 modules)
 ✓ Compiled (843 modules)
 GET /api/equipment?availability=true 200 in 714ms
 GET /api/categories 200 in 714ms
 GET /api/admin/stats 200 in 753ms
 GET /api/equipment?availability=true 200 in 37ms
 GET /api/categories 200 in 55ms
 GET /api/admin/stats 200 in 59ms
 GET /api/equipment?availability=true 200 in 43ms
 GET /api/equipment?availability=true 200 in 36ms
 GET / 200 in 140ms
 GET /contact 200 in 161ms
 GET /admin 200 in 163ms
 GET /equipment 200 in 163ms
 GET /quote-builder 200 in 163ms
 GET / 200 in 52ms
 GET /grid.svg 404 in 40ms
 GET /dots.svg 404 in 39ms
 GET /circuit.svg 404 in 45ms
 GET /quote-builder 200 in 45ms
 GET /quote-builder 200 in 37ms
[?25h
