  ▲ Next.js 14.2.28
  - Local:        http://localhost:3000
  - Environments: .env
  - Experiments (use with caution):
    · outputFileTracingRoot

 ✓ Starting...
 ✓ Ready in 1652ms
 ○ Compiling / ...
 ✓ Compiled / in 2.6s (1254 modules)
 ✓ Compiled in 810ms (623 modules)
 GET / 200 in 3517ms
 ○ Compiling /_not-found ...
 ✓ Compiled /_not-found in 667ms (1245 modules)
 GET /grid.svg 404 in 771ms
 GET /circuit.svg 404 in 723ms
 GET /dots.svg 404 in 752ms
 GET / 200 in 170ms
 ○ Compiling /admin ...
 ✓ Compiled /admin in 1621ms (1559 modules)
 GET /quote-builder 200 in 1981ms
 GET /admin 200 in 1981ms
 GET /contact 200 in 1988ms
 GET /equipment 200 in 1992ms
 ✓ Compiled in 846ms (1559 modules)
 GET /dots.svg 404 in 2392ms
 GET /grid.svg 404 in 2399ms
 GET /circuit.svg 404 in 2388ms
 ✓ Compiled /api/categories in 195ms (828 modules)
 ✓ Compiled (832 modules)
 GET /api/equipment?availability=true 200 in 571ms
 GET /api/categories 200 in 572ms
 GET /api/admin/stats 200 in 628ms
 GET /api/equipment?availability=true 200 in 33ms
 GET /api/categories 200 in 41ms
 GET /api/admin/stats 200 in 50ms
 GET /api/equipment?availability=true 200 in 38ms
 GET /api/equipment?availability=true 200 in 27ms
 GET / 200 in 150ms
 GET /contact 200 in 165ms
 GET /quote-builder 200 in 165ms
 GET /equipment 200 in 167ms
 GET /admin 200 in 168ms
 GET /quote-builder 200 in 34ms
 GET / 200 in 46ms
 GET /equipment 200 in 33ms
 GET /api/equipment 200 in 23ms
[?25h
