  ▲ Next.js 14.2.28
  - Local:        http://localhost:3000
  - Environments: .env
  - Experiments (use with caution):
    · outputFileTracingRoot

 ✓ Starting...
 ✓ Ready in 3.8s
 ○ Compiling / ...
 ✓ Compiled / in 5.8s (1261 modules)
 ✓ Compiled in 775ms (623 modules)
 GET / 200 in 5898ms
 GET / 200 in 6654ms
 GET / 200 in 150ms
 ✓ Compiled /_not-found in 497ms (1245 modules)
 GET /dots.svg 404 in 572ms
 GET /grid.svg 404 in 23ms
 GET /circuit.svg 404 in 16ms
 GET / 200 in 62ms
 GET / 200 in 46ms
 GET /grid.svg 404 in 20ms
 GET /dots.svg 404 in 26ms
 GET / 200 in 52ms
 GET /grid.svg 404 in 21ms
 GET /dots.svg 404 in 18ms
 GET /circuit.svg 404 in 16ms
